<?xml version="1.0" encoding="UTF-8"?>
<testng-results skipped="0" failed="0" ignored="0" total="1" passed="1">
  <reporter-output>
  </reporter-output>
  <suite name="inetBanking" duration-ms="15307" started-at="2021-01-02T17:41:46Z" finished-at="2021-01-02T17:42:02Z">
    <groups>
    </groups>
    <test name="BankingAppTest" duration-ms="15307" started-at="2021-01-02T17:41:46Z" finished-at="2021-01-02T17:42:02Z">
      <class name="com.inetBanking.testCases.TC_LoginTest_001">
        <test-method status="PASS" signature="setup(java.lang.String)[pri:0, instance:com.inetBanking.testCases.TC_LoginTest_001@1e67b872]" name="setup" is-config="true" duration-ms="8592" started-at="2021-01-02T17:41:47Z" finished-at="2021-01-02T17:41:55Z">
          <params>
            <param index="0">
              <value>
                <![CDATA[chrome]]>
              </value>
            </param>
          </params>
          <reporter-output>
          </reporter-output>
        </test-method> <!-- setup -->
        <test-method status="PASS" signature="loginTest()[pri:0, instance:com.inetBanking.testCases.TC_LoginTest_001@1e67b872]" name="loginTest" duration-ms="5762" started-at="2021-01-02T17:41:55Z" finished-at="2021-01-02T17:42:01Z">
          <reporter-output>
          </reporter-output>
        </test-method> <!-- loginTest -->
        <test-method status="PASS" signature="teardown()[pri:0, instance:com.inetBanking.testCases.TC_LoginTest_001@1e67b872]" name="teardown" is-config="true" duration-ms="615" started-at="2021-01-02T17:42:01Z" finished-at="2021-01-02T17:42:02Z">
          <reporter-output>
          </reporter-output>
        </test-method> <!-- teardown -->
      </class> <!-- com.inetBanking.testCases.TC_LoginTest_001 -->
    </test> <!-- BankingAppTest -->
  </suite> <!-- inetBanking -->
</testng-results>
