<?xml version="1.0" encoding="UTF-8"?>
<testng-results skipped="0" failed="0" ignored="0" total="2" passed="2">
  <reporter-output>
  </reporter-output>
  <suite name="inetBanking" duration-ms="31769" started-at="2021-01-17T17:07:28Z" finished-at="2021-01-17T17:08:00Z">
    <groups>
    </groups>
    <test name="BankingAppTest" duration-ms="31769" started-at="2021-01-17T17:07:28Z" finished-at="2021-01-17T17:08:00Z">
      <class name="com.inetBanking.testCases.TC_LoginTest_002">
        <test-method status="PASS" signature="setup(java.lang.String)[pri:0, instance:com.inetBanking.testCases.TC_LoginTest_002@31ef45e3]" name="setup" is-config="true" duration-ms="11275" started-at="2021-01-17T17:07:28Z" finished-at="2021-01-17T17:07:40Z">
          <params>
            <param index="0">
              <value>
                <![CDATA[chrome]]>
              </value>
            </param>
          </params>
          <reporter-output>
          </reporter-output>
        </test-method> <!-- setup -->
        <test-method status="PASS" signature="loginDDT(java.lang.String, java.lang.String)[pri:0, instance:com.inetBanking.testCases.TC_LoginTest_002@31ef45e3]" name="loginDDT" duration-ms="9901" started-at="2021-01-17T17:07:41Z" data-provider="LoginData" finished-at="2021-01-17T17:07:51Z">
          <params>
            <param index="0">
              <value>
                <![CDATA[mngr302125]]>
              </value>
            </param>
            <param index="1">
              <value>
                <![CDATA[pAjapEq]]>
              </value>
            </param>
          </params>
          <reporter-output>
          </reporter-output>
        </test-method> <!-- loginDDT -->
        <test-method status="PASS" signature="loginDDT(java.lang.String, java.lang.String)[pri:0, instance:com.inetBanking.testCases.TC_LoginTest_002@31ef45e3]" name="loginDDT" duration-ms="7923" started-at="2021-01-17T17:07:51Z" data-provider="LoginData" finished-at="2021-01-17T17:07:59Z">
          <params>
            <param index="0">
              <value>
                <![CDATA[mngr303136]]>
              </value>
            </param>
            <param index="1">
              <value>
                <![CDATA[sepygUb]]>
              </value>
            </param>
          </params>
          <reporter-output>
          </reporter-output>
        </test-method> <!-- loginDDT -->
        <test-method status="PASS" signature="teardown()[pri:0, instance:com.inetBanking.testCases.TC_LoginTest_002@31ef45e3]" name="teardown" is-config="true" duration-ms="740" started-at="2021-01-17T17:07:59Z" finished-at="2021-01-17T17:08:00Z">
          <reporter-output>
          </reporter-output>
        </test-method> <!-- teardown -->
      </class> <!-- com.inetBanking.testCases.TC_LoginTest_002 -->
    </test> <!-- BankingAppTest -->
  </suite> <!-- inetBanking -->
</testng-results>
